2026-02-23 18:27:34 | INFO | Sending order request: {'symbol': 'BTCUSDT', 'side': 'BUY', 'type': 'MARKET', 'quantity': 0.01, 'timestamp': 1771851454691, 'signature': '6ab24821481ea310e0911b361d8dbdce2ea91c95ba8a41045dbd195653deb7f4'}
2026-02-23 18:27:35 | ERROR | API error: {'code': -2015, 'msg': 'Invalid API-key, IP, or permissions for action'}
2026-02-23 18:27:35 | ERROR | Order failed: {'code': -2015, 'msg': 'Invalid API-key, IP, or permissions for action'}
2026-02-23 18:31:34 | INFO | Sending order request: {'symbol': 'BTCUSDT', 'side': 'BUY', 'type': 'MARKET', 'quantity': 0.01, 'timestamp': 1771851694081, 'signature': '8b176ce6941a53937d4961996a286cc2841f398165dc32aa467a494def839a52'}
2026-02-23 18:31:34 | ERROR | API error: {'code': -2015, 'msg': 'Invalid API-key, IP, or permissions for action'}
2026-02-23 18:31:34 | ERROR | Order failed: {'code': -2015, 'msg': 'Invalid API-key, IP, or permissions for action'}
2026-02-23 18:32:28 | INFO | Sending order request: {'symbol': 'BTCUSDT', 'side': 'BUY', 'type': 'MARKET', 'quantity': 0.01, 'timestamp': 1771851748911, 'signature': 'f40571f0c98f417305d7d9c22ae7f5d16937e8c1b79984bc22a52fe7b56d1533'}
2026-02-23 18:32:29 | ERROR | API error: {'code': -2015, 'msg': 'Invalid API-key, IP, or permissions for action'}
2026-02-23 18:32:29 | ERROR | Order failed: {'code': -2015, 'msg': 'Invalid API-key, IP, or permissions for action'}
2026-02-23 18:35:13 | INFO | Sending order request: {'symbol': 'BTCUSDT', 'side': 'BUY', 'type': 'MARKET', 'quantity': 0.01, 'timestamp': 1771851913872, 'signature': '1653c61d92f845b62468144ee11f83d239e69cbd58a3ae143e2ac4474b6de534'}
2026-02-23 18:35:14 | ERROR | API error: {'code': -2015, 'msg': 'Invalid API-key, IP, or permissions for action'}
2026-02-23 18:35:14 | ERROR | Order failed: {'code': -2015, 'msg': 'Invalid API-key, IP, or permissions for action'}
2026-02-23 18:35:39 | INFO | Sending order request: {'symbol': 'BTCUSDT', 'side': 'BUY', 'type': 'MARKET', 'quantity': 0.01, 'timestamp': 1771851939425, 'signature': '61da5a673f678e46669c03763206bd4989597aa37f65c2431cefb20b77d986db'}
2026-02-23 18:35:40 | ERROR | API error: {'code': -2015, 'msg': 'Invalid API-key, IP, or permissions for action'}
2026-02-23 18:35:40 | ERROR | Order failed: {'code': -2015, 'msg': 'Invalid API-key, IP, or permissions for action'}
2026-02-23 18:40:37 | INFO | Sending order request: {'symbol': 'BTCUSDT', 'side': 'BUY', 'type': 'MARKET', 'quantity': 0.01, 'timestamp': 1771852237685, 'signature': '7ac4e8a868840c11bbf445ca0dc1705124c3adebb107dc8a45a9d139ff0156a4'}
2026-02-23 18:40:38 | INFO | Order response: {'orderId': 12492666545, 'symbol': 'BTCUSDT', 'status': 'NEW', 'clientOrderId': 'EmDHwtpLHr2IZu0r6xybuW', 'price': '0.00', 'avgPrice': '0.00', 'origQty': '0.010', 'executedQty': '0.000', 'cumQty': '0.000', 'cumQuote': '0.00000', 'timeInForce': 'GTC', 'type': 'MARKET', 'reduceOnly': False, 'closePosition': False, 'side': 'BUY', 'positionSide': 'BOTH', 'stopPrice': '0.00', 'workingType': 'CONTRACT_PRICE', 'priceProtect': False, 'origType': 'MARKET', 'priceMatch': 'NONE', 'selfTradePreventionMode': 'EXPIRE_MAKER', 'goodTillDate': 0, 'updateTime': 1771852237835}
2026-02-23 18:42:17 | INFO | Sending order request: {'symbol': 'BTCUSDT', 'side': 'SELL', 'type': 'LIMIT', 'quantity': 0.01, 'price': 85000.0, 'timeInForce': 'GTC', 'timestamp': 1771852337351, 'signature': '0a63caf22315e3c1ec96f75aafb2701f2317c6ecffddcac870c1c0817e4591f8'}
2026-02-23 18:42:18 | INFO | Order response: {'orderId': 12492700119, 'symbol': 'BTCUSDT', 'status': 'NEW', 'clientOrderId': 'kgAnHa47acXQ0ltND18Fos', 'price': '85000.00', 'avgPrice': '0.00', 'origQty': '0.010', 'executedQty': '0.000', 'cumQty': '0.000', 'cumQuote': '0.00000', 'timeInForce': 'GTC', 'type': 'LIMIT', 'reduceOnly': False, 'closePosition': False, 'side': 'SELL', 'positionSide': 'BOTH', 'stopPrice': '0.00', 'workingType': 'CONTRACT_PRICE', 'priceProtect': False, 'origType': 'LIMIT', 'priceMatch': 'NONE', 'selfTradePreventionMode': 'EXPIRE_MAKER', 'goodTillDate': 0, 'updateTime': 1771852337499}
2026-02-23 18:44:24 | INFO | Sending order request: {'symbol': 'BTCUSDT', 'side': 'BUY', 'type': 'MARKET', 'quantity': 0.01, 'timestamp': 1771852464907, 'signature': '20858cf6c647c194a87beb27ccbb63551065d5da7d40bbb68aacd3c504da81e2'}
2026-02-23 18:44:25 | INFO | Order response: {'orderId': 12492744395, 'symbol': 'BTCUSDT', 'status': 'NEW', 'clientOrderId': 'I3JKhjeeoK7DOkfvBjZZi5', 'price': '0.00', 'avgPrice': '0.00', 'origQty': '0.010', 'executedQty': '0.000', 'cumQty': '0.000', 'cumQuote': '0.00000', 'timeInForce': 'GTC', 'type': 'MARKET', 'reduceOnly': False, 'closePosition': False, 'side': 'BUY', 'positionSide': 'BOTH', 'stopPrice': '0.00', 'workingType': 'CONTRACT_PRICE', 'priceProtect': False, 'origType': 'MARKET', 'priceMatch': 'NONE', 'selfTradePreventionMode': 'EXPIRE_MAKER', 'goodTillDate': 0, 'updateTime': 1771852465115}
2026-02-23 18:46:36 | INFO | Sending order request: {'symbol': 'BTCUSDT', 'side': 'SELL', 'type': 'LIMIT', 'quantity': 0.01, 'price': 85000.0, 'timeInForce': 'GTC', 'timestamp': 1771852596126, 'signature': '4c561233f48a9a00a688f40c36a5e80b84e6a11abdc168c3c038696a0e3839a3'}
2026-02-23 18:46:36 | INFO | Order response: {'orderId': 12492786241, 'symbol': 'BTCUSDT', 'status': 'NEW', 'clientOrderId': 'RcPjIfpUIEaLM4bIlIr6Be', 'price': '85000.00', 'avgPrice': '0.00', 'origQty': '0.010', 'executedQty': '0.000', 'cumQty': '0.000', 'cumQuote': '0.00000', 'timeInForce': 'GTC', 'type': 'LIMIT', 'reduceOnly': False, 'closePosition': False, 'side': 'SELL', 'positionSide': 'BOTH', 'stopPrice': '0.00', 'workingType': 'CONTRACT_PRICE', 'priceProtect': False, 'origType': 'LIMIT', 'priceMatch': 'NONE', 'selfTradePreventionMode': 'EXPIRE_MAKER', 'goodTillDate': 0, 'updateTime': 1771852596375}
2026-02-23 18:49:03 | INFO | Sending order request: {'symbol': 'BTCUSDT', 'side': 'SELL', 'type': 'LIMIT', 'quantity': 0.01, 'price': 850.0, 'timeInForce': 'GTC', 'timestamp': 1771852743570, 'signature': '0f169b11fae10eb1edf7dc3e53196980aa218664d9d0a4e776ec9495d6714609'}
2026-02-23 18:49:04 | ERROR | API error: {'code': -4024, 'msg': "Limit price can't be lower than 62819.61."}
2026-02-23 18:49:04 | ERROR | Order failed: {'code': -4024, 'msg': "Limit price can't be lower than 62819.61."}
2026-02-23 18:49:09 | INFO | Sending order request: {'symbol': 'BTCUSDT', 'side': 'SELL', 'type': 'LIMIT', 'quantity': 0.01, 'price': 85000.0, 'timeInForce': 'GTC', 'timestamp': 1771852749279, 'signature': 'b3d18bd033d8ea64dac04556faa3b6311ef65f408ef60d9f19f024d60f39c59d'}
2026-02-23 18:49:10 | INFO | Order response: {'orderId': 12492835361, 'symbol': 'BTCUSDT', 'status': 'NEW', 'clientOrderId': '5JuJmau6liYRNjKY5mzdGb', 'price': '85000.00', 'avgPrice': '0.00', 'origQty': '0.010', 'executedQty': '0.000', 'cumQty': '0.000', 'cumQuote': '0.00000', 'timeInForce': 'GTC', 'type': 'LIMIT', 'reduceOnly': False, 'closePosition': False, 'side': 'SELL', 'positionSide': 'BOTH', 'stopPrice': '0.00', 'workingType': 'CONTRACT_PRICE', 'priceProtect': False, 'origType': 'LIMIT', 'priceMatch': 'NONE', 'selfTradePreventionMode': 'EXPIRE_MAKER', 'goodTillDate': 0, 'updateTime': 1771852749711}
